
Gurobi 7.5.2 (mac64) logging started Sun Mar  4 19:14:01 2018

Academic license - for non-commercial use only
Set parameter Method to value 2
Set parameter TuneTimeLimit to value 10000

grbtune version 7.5.2 build v7.5.2rc1 (mac64)
Copyright (c) 2017, Gurobi Optimization, Inc.

Read MPS format model from file tree.mps
Reading time = 0.05 seconds
Convert: 26275 rows, 14489 columns, 102797 nonzeros

Solving model using baseline parameter set with TimeLimit=1000s

Solving with random seed #1 ...
Optimize a model with 26275 rows, 14489 columns and 102797 nonzeros
Variable types: 1 continuous, 14488 integer (0 binary)
Coefficient statistics:
  Matrix range     [1e+00, 1e+01]
  Objective range  [1e+00, 1e+00]
  Bounds range     [1e+00, 1e+01]
  RHS range        [1e+00, 1e+01]
Presolve removed 19935 rows and 10764 columns
Presolve time: 0.38s
Presolved: 6340 rows, 3725 columns, 22893 nonzeros
Variable types: 0 continuous, 3725 integer (3452 binary)
Presolve removed 144 rows and 70 columns
Presolved: 6196 rows, 3659 columns, 22480 nonzeros

Root barrier log...

Ordering time: 0.06s

Barrier statistics:
 AA' NZ     : 9.608e+04
 Factor NZ  : 6.595e+05 (roughly 10 MBytes of memory)
 Factor Ops : 1.189e+08 (less than 1 second per iteration)
 Threads    : 2

                  Objective                Residual
Iter       Primal          Dual         Primal    Dual     Compl     Time
   0   3.34421695e+02 -8.71106714e+03  1.79e+01 2.70e-01  6.77e+00     1s
   1   1.93956200e+02 -7.90980021e+03  4.22e+00 1.44e-01  1.65e+00     1s
   2   1.33190469e+02 -2.34458034e+03  3.65e-01 3.77e-15  2.42e-01     1s
   3   1.03110554e+02 -5.30511681e+02  6.22e-02 1.78e-15  5.26e-02     1s
   4   9.42644626e+01 -2.81202292e+02  5.54e-03 2.22e-15  2.93e-02     1s
   5   8.41346691e+01 -8.07383475e+01  5.38e-04 1.33e-15  1.28e-02     1s
   6   7.84039020e+01 -9.33871290e+00  1.36e-04 9.16e-16  6.78e-03     1s
   7   7.73114674e+01  7.36535530e+01  7.49e-07 1.78e-15  2.83e-04     1s
   8   7.70028890e+01  7.69952258e+01  5.47e-09 1.33e-15  5.92e-07     1s
   9   7.70000000e+01  7.70000000e+01  1.33e-14 4.44e-16  9.09e-13     1s

Barrier solved model in 9 iterations and 0.86 seconds
Optimal objective 7.70000000e+01


Root relaxation: objective 7.700000e+01, 2986 iterations, 0.40 seconds

    Nodes    |    Current Node    |     Objective Bounds      |     Work
 Expl Unexpl |  Obj  Depth IntInf | Incumbent    BestBd   Gap | It/Node Time

     0     0   77.00000    0  349          -   77.00000      -     -    1s
     0     0   97.00000    0  781          -   97.00000      -     -    1s
     0     0   97.00000    0  767          -   97.00000      -     -    1s
     0     0   97.00000    0  787          -   97.00000      -     -    2s
     0     0   97.00000    0  789          -   97.00000      -     -    2s
     0     0   97.00000    0  603          -   97.00000      -     -    3s
     0     0   97.00000    0  579          -   97.00000      -     -    3s
     0     0   97.00000    0  444          -   97.00000      -     -    4s
     0     0   97.00000    0  428          -   97.00000      -     -    4s
     0     0   97.00000    0  472          -   97.00000      -     -    4s
     0     0   97.00000    0  471          -   97.00000      -     -    4s
     0     2   97.00000    0  471          -   97.00000      -     -    5s
   562   410  124.20000   30  440          -  104.00000      -   191   10s
   747   528  116.00000   13  311          -  104.00000      -   184   15s
   760   540  104.00000   18  382          -  104.00000      -  29.0   20s
*  802   519              32     129.0000000  104.00000  19.4%  50.4   23s
   819   522  120.00000   21  402  129.00000  104.00000  19.4%  58.8   25s
   907   544  116.00000   37  334  129.00000  104.00000  19.4%  98.4   30s
H  928   516                     126.0000000  104.00000  17.5%   108   31s
H  960   479                     120.0000000  104.00000  13.3%   117   32s
  1019   492  108.00000   45  374  120.00000  104.00000  13.3%   125   35s
  1176   499 infeasible   20       120.00000  105.00000  12.5%   154   40s
  1361   486  108.00000   36  349  120.00000  105.00000  12.5%   169   46s
  1501   486  112.00000   33  279  120.00000  105.00000  12.5%   188   50s
  1646   490  109.00000   23  338  120.00000  105.00000  12.5%   202   55s
  1826   472  110.00000   30  350  120.00000  105.00000  12.5%   211   60s
  1973   490 infeasible   35       120.00000  105.00000  12.5%   219   66s
  2103   469 infeasible   25       120.00000  105.00000  12.5%   225   71s
  2201   474  105.22222   20  335  120.00000  105.22222  12.3%   234   75s
  2337   532  113.00000   40  265  120.00000  107.00000  10.8%   235   81s
  2537   597 infeasible   38       120.00000  107.00000  10.8%   237   87s
  2668   636  116.28571   35  398  120.00000  107.00000  10.8%   237   90s
  2873   651  114.00000   42  423  120.00000  107.00000  10.8%   240   95s
  3115   699  115.36364   38  354  120.00000  108.00000  10.0%   240  102s
  3258   747  113.00000   38  254  120.00000  108.00000  10.0%   240  106s
  3537   798  118.00000   45  327  120.00000  109.00000  9.17%   239  114s
  3737   827 infeasible   33       120.00000  109.00000  9.17%   239  121s
  3793   827  115.00000   39  343  120.00000  109.00000  9.17%   239  125s
  3971   852  118.00000   26  395  120.00000  109.00000  9.17%   242  130s
  4130   854     cutoff   31       120.00000  109.00000  9.17%   243  135s
  4391   877  113.41270   35  281  120.00000  110.00000  8.33%   241  140s
  4611   906  115.66667   32  352  120.00000  110.00000  8.33%   239  147s
  4916   979     cutoff   37       120.00000  110.00000  8.33%   237  153s
  5218  1028 infeasible   33       120.00000  110.00000  8.33%   235  161s
  5510  1029  113.60000   39  338  120.00000  110.00000  8.33%   235  167s
  5792  1043  116.00000   50  153  120.00000  110.00000  8.33%   236  173s
  6102  1059  114.36364   44  324  120.00000  110.00000  8.33%   237  177s
  6372  1060  113.75000   33  332  120.00000  110.00000  8.33%   235  181s
  6646  1089  114.46154   29  321  120.00000  111.00000  7.50%   234  186s
  6766  1075  117.00000   28  395  120.00000  111.00000  7.50%   235  191s
  6996  1078 infeasible   32       120.00000  111.00000  7.50%   237  197s
  7187  1092 infeasible   32       120.00000  111.00000  7.50%   238  203s
  7376  1103     cutoff   32       120.00000  111.00000  7.50%   241  209s
  7503  1064  114.00000   33  370  120.00000  111.00000  7.50%   243  214s
  7785  1085  114.00000   25  292  120.00000  111.00000  7.50%   241  223s
  7832  1056  119.00000   44  191  120.00000  111.64613  6.96%   241  230s
  8143  1039  115.17647   41  301  120.00000  112.00000  6.67%   240  235s
  8401  1015  115.00000   39  291  120.00000  112.00000  6.67%   240  240s
  8669   997  118.00000   43  266  120.00000  112.00000  6.67%   240  248s
  8944   980  116.44444   34  323  120.00000  112.00000  6.67%   240  254s
  9216   982  112.00000   33  325  120.00000  112.00000  6.67%   240  258s
  9432   966  115.00000   37  278  120.00000  112.00000  6.67%   240  263s
  9725   978 infeasible   49       120.00000  113.00000  5.83%   238  271s
 10066  1018  119.00000   50  247  120.00000  113.00000  5.83%   236  277s
 10407  1042  118.00000   42  256  120.00000  113.00000  5.83%   235  283s
 10744  1039  119.00000   48   95  120.00000  113.00000  5.83%   234  287s
 11019  1031  113.28571   39  244  120.00000  113.00000  5.83%   233  291s
 11265  1018  113.00000   38  230  120.00000  113.00000  5.83%   233  297s
 11573  1022  114.44444   40  218  120.00000  113.00000  5.83%   232  301s
 11937   964  113.00000   31  299  120.00000  113.00000  5.83%   230  307s
 12227   951     cutoff   39       120.00000  114.00000  5.00%   230  310s
 12631   894  114.00000   36  356  120.00000  114.00000  5.00%   229  319s
 12828   871  115.18182   34  289  120.00000  114.00000  5.00%   230  323s
 13061   873  117.00000   36  337  120.00000  114.00000  5.00%   230  327s
 13264   842 infeasible   35       120.00000  114.00000  5.00%   231  332s
 13626   821     cutoff   51       120.00000  115.00000  4.17%   230  340s
 13849   756     cutoff   43       120.00000  115.00000  4.17%   229  346s
 14076   737  115.18182   48  226  120.00000  115.00000  4.17%   229  351s
 14329   726  115.00000   47  228  120.00000  115.00000  4.17%   228  355s
 14616   719  115.36364   50  264  120.00000  115.00000  4.17%   227  360s
 15111   665     cutoff   39       120.00000  115.00000  4.17%   226  365s
 15610   578     cutoff   45       120.00000  116.00000  3.33%   224  370s
 16064   464  117.12195   44  258  120.00000  116.00000  3.33%   223  375s
 16525   355  117.00000   51  123  120.00000  117.00000  2.50%   221  380s
 16851   276 infeasible   36       120.00000  117.00000  2.50%   220  385s
 17176   199  117.00000   32  271  120.00000  117.00000  2.50%   220  391s
 17619    84     cutoff   46       120.00000  118.00000  1.67%   218  395s

Cutting planes:
  Gomory: 3
  Implied bound: 2
  MIR: 6
  Flow cover: 12
  Inf proof: 7
  Zero half: 13

Explored 17944 nodes (4041918 simplex iterations) in 396.74 seconds
Thread count was 4 (of 4 available processors)

Solution count 3: 120 126 129 

Optimal solution found (tolerance 1.00e-04)
Best objective 1.200000000000e+02, best bound 1.200000000000e+02, gap 0.0000%

Solving with random seed #2 ...
Optimize a model with 26275 rows, 14489 columns and 102797 nonzeros
Variable types: 1 continuous, 14488 integer (0 binary)
Coefficient statistics:
  Matrix range     [1e+00, 1e+01]
  Objective range  [1e+00, 1e+00]
  Bounds range     [1e+00, 1e+01]
  RHS range        [1e+00, 1e+01]
Presolve removed 19935 rows and 10764 columns
Presolve time: 0.38s
Presolved: 6340 rows, 3725 columns, 22893 nonzeros
Variable types: 0 continuous, 3725 integer (3452 binary)
Presolve removed 144 rows and 70 columns
Presolved: 6196 rows, 3659 columns, 22480 nonzeros

Root barrier log...

Ordering time: 0.06s

Barrier statistics:
 AA' NZ     : 9.608e+04
 Factor NZ  : 6.452e+05 (roughly 10 MBytes of memory)
 Factor Ops : 1.129e+08 (less than 1 second per iteration)
 Threads    : 2

                  Objective                Residual
Iter       Primal          Dual         Primal    Dual     Compl     Time
   0   3.34421695e+02 -8.71106714e+03  1.79e+01 2.70e-01  6.77e+00     1s
   1   1.93956200e+02 -7.90980021e+03  4.22e+00 1.44e-01  1.65e+00     1s
   2   1.33190469e+02 -2.34458034e+03  3.65e-01 2.00e-15  2.42e-01     1s
   3   1.03110554e+02 -5.30511681e+02  6.22e-02 1.80e-15  5.26e-02     1s
   4   9.42644626e+01 -2.81202292e+02  5.54e-03 1.78e-15  2.93e-02     1s
   5   8.41346691e+01 -8.07383475e+01  5.38e-04 1.78e-15  1.28e-02     1s
   6   7.84039020e+01 -9.33871290e+00  1.36e-04 2.22e-15  6.78e-03     1s
   7   7.73114674e+01  7.36535530e+01  7.49e-07 9.04e-16  2.83e-04     1s
   8   7.70028890e+01  7.69952258e+01  5.47e-09 1.78e-15  5.92e-07     1s
   9   7.70000000e+01  7.70000000e+01  1.35e-14 8.88e-16  9.09e-13     1s

Barrier solved model in 9 iterations and 0.82 seconds
Optimal objective 7.70000000e+01


Root relaxation: objective 7.700000e+01, 2986 iterations, 0.36 seconds

    Nodes    |    Current Node    |     Objective Bounds      |     Work
 Expl Unexpl |  Obj  Depth IntInf | Incumbent    BestBd   Gap | It/Node Time

     0     0   77.00000    0  353          -   77.00000      -     -    1s
     0     0   97.00000    0  709          -   97.00000      -     -    1s
     0     0   97.00000    0  728          -   97.00000      -     -    1s
     0     0   97.00000    0  860          -   97.00000      -     -    2s
     0     0   97.00000    0  880          -   97.00000      -     -    2s
     0     0   97.00000    0  740          -   97.00000      -     -    3s
     0     0   97.00000    0  472          -   97.00000      -     -    3s
     0     2   97.00000    0  468          -   97.00000      -     -    4s
    23    23  105.00000    8  416          -   97.00000      -   278    5s
   671   496  118.40000   25  531          -  104.00000      -   194   10s
   743   544  122.20000   29  668          -  104.00000      -   193   16s
   752   550  108.00000    7  422          -  104.00000      -   190   20s
   764   561  104.00000   16  347          -  104.00000      -  43.8   25s
   804   583  109.00000   26  323          -  104.00000      -  66.0   30s
   855   599  114.00000   35  384          -  104.00000      -  96.5   35s
   927   624  105.00000   30  433          -  104.00000      -   123   40s
  1012   650  111.00000   43  307          -  104.00000      -   151   46s
  1081   665  108.00000   26  424          -  104.00000      -   169   50s
* 1113   645              63     122.0000000  104.00000  14.8%   187   51s
  1196   670  110.00000   40  399  122.00000  104.00000  14.8%   195   56s
  1305   681  113.00000   42  356  122.00000  104.00000  14.8%   214   61s
  1447   706  110.00000   30  345  122.00000  104.00000  14.8%   229   65s
  1544   720  110.00000   30  291  122.00000  104.00000  14.8%   242   70s
H 1555   686                     121.0000000  104.00000  14.0%   242   70s
  1644   706  108.00000   25  410  121.00000  104.00000  14.0%   255   75s
H 1766   660                     120.0000000  104.00000  13.3%   261   79s
  1816   666  118.00000   31  379  120.00000  105.00000  12.5%   262   83s
  1910   672  108.00000   31  157  120.00000  105.00000  12.5%   265   86s
  2050   684  108.00000   35  334  120.00000  105.00000  12.5%   263   90s
  2339   752 infeasible   23       120.00000  105.00000  12.5%   262   98s
  2457   796  111.00000   29  313  120.00000  105.00000  12.5%   265  103s
  2593   849  114.40000   40  279  120.00000  105.00000  12.5%   266  107s
  2750   897  112.00000   43  251  120.00000  105.00000  12.5%   266  111s
  2915   929  115.00000   30  396  120.00000  105.00000  12.5%   268  115s
  3085   975  119.00000   25  377  120.00000  105.00000  12.5%   269  120s
  3303  1051  118.10000   34  499  120.00000  105.00000  12.5%   276  129s
  3417  1094  115.00000   32  290  120.00000  105.00000  12.5%   279  134s
  3571  1158  109.00000   31  323  120.00000  105.00000  12.5%   279  140s
  3715  1189  114.00000   51  348  120.00000  105.00000  12.5%   280  146s
  3904  1244  108.00000   25  358  120.00000  105.00000  12.5%   280  151s
  4063  1310  110.00000   29  391  120.00000  105.00000  12.5%   281  157s
  4245  1381  111.36364   42  303  120.00000  105.00000  12.5%   282  163s
  4405  1422  116.10714   39  313  120.00000  105.00000  12.5%   284  169s
  4549  1453  115.00000   32  450  120.00000  105.00000  12.5%   286  175s
  4761  1501  107.00000   30  353  120.00000  105.00000  12.5%   284  181s
  4960  1553 infeasible   45       120.00000  105.10345  12.4%   284  187s
  5102  1566  106.07692   32  324  120.00000  106.00000  11.7%   283  192s
  5305  1603  116.54545   33  313  120.00000  106.00000  11.7%   282  198s
  5458  1602 infeasible   29       120.00000  107.00000  10.8%   282  205s
  5764  1649  114.00000   32  278  120.00000  107.00000  10.8%   279  212s
  5990  1700 infeasible   44       120.00000  107.00000  10.8%   278  221s
  6123  1712  117.03704   43  275  120.00000  107.00000  10.8%   277  228s
  6434  1766 infeasible   38       120.00000  108.00000  10.0%   277  236s
  6748  1827  117.00000   45  277  120.00000  108.00000  10.0%   276  241s

Cutting planes:
  Gomory: 3
  Implied bound: 5
  MIR: 2
  Flow cover: 13
  Zero half: 11

Explored 6938 nodes (2077930 simplex iterations) in 241.20 seconds
Thread count was 4 (of 4 available processors)

Solution count 3: 120 121 122 

Solve interrupted
Best objective 1.200000000000e+02, best bound 1.080000000000e+02, gap 10.0000%



Tuning Interrupted

-------------------------------------------------------------------------------

Tested 0 parameter sets in 637.95s
Unable to improve on baseline parameter set.

